<?xml version="1.0" encoding="UTF-8"?>
<coverage generated="1712893325480" clover="3.2.0">
  <project timestamp="1712893325480" name="All files">
    <metrics statements="212" coveredstatements="209" conditionals="76" coveredconditionals="72" methods="51" coveredmethods="50" elements="339" coveredelements="331" complexity="0" loc="212" ncloc="212" packages="2" files="6" classes="6"/>
    <package name="admin">
      <metrics statements="82" coveredstatements="81" conditionals="19" coveredconditionals="16" methods="17" coveredmethods="17"/>
      <file name="nlpDataPreparation.js" path="C:\Users\HP\Documents\ArbMSSWECapstone\ksu-crs-nlp-recommender-api-service\admin\nlpDataPreparation.js">
        <metrics statements="82" coveredstatements="81" conditionals="19" coveredconditionals="16" methods="17" coveredmethods="17"/>
        <line num="27" count="1" type="stmt"/>
        <line num="28" count="1" type="stmt"/>
        <line num="29" count="1" type="stmt"/>
        <line num="30" count="1" type="stmt"/>
        <line num="32" count="1" type="stmt"/>
        <line num="35" count="1" type="stmt"/>
        <line num="36" count="1" type="stmt"/>
        <line num="41" count="1" type="stmt"/>
        <line num="42" count="1" type="stmt"/>
        <line num="44" count="1" type="stmt"/>
        <line num="46" count="1" type="stmt"/>
        <line num="48" count="1" type="stmt"/>
        <line num="51" count="1" type="stmt"/>
        <line num="57" count="2" type="stmt"/>
        <line num="58" count="2" type="stmt"/>
        <line num="59" count="2" type="stmt"/>
        <line num="60" count="6154" type="cond" truecount="2" falsecount="0"/>
        <line num="61" count="6148" type="stmt"/>
        <line num="62" count="6148" type="cond" truecount="1" falsecount="1"/>
        <line num="63" count="293222" type="stmt"/>
        <line num="67" count="2" type="stmt"/>
        <line num="68" count="9222" type="stmt"/>
        <line num="69" count="9222" type="stmt"/>
        <line num="70" count="253071" type="stmt"/>
        <line num="71" count="253071" type="stmt"/>
        <line num="73" count="9222" type="stmt"/>
        <line num="76" count="2" type="stmt"/>
        <line num="77" count="2" type="stmt"/>
        <line num="79" count="2" type="stmt"/>
        <line num="81" count="1" type="stmt"/>
        <line num="82" count="1" type="stmt"/>
        <line num="84" count="1" type="stmt"/>
        <line num="86" count="1" type="stmt"/>
        <line num="87" count="1" type="stmt"/>
        <line num="98" count="6150" type="stmt"/>
        <line num="99" count="6150" type="cond" truecount="2" falsecount="0"/>
        <line num="100" count="6150" type="stmt"/>
        <line num="101" count="293223" type="stmt"/>
        <line num="102" count="293223" type="cond" truecount="2" falsecount="0"/>
        <line num="103" count="293222" type="stmt"/>
        <line num="104" count="293222" type="cond" truecount="2" falsecount="0"/>
        <line num="105" count="221154" type="stmt"/>
        <line num="107" count="72068" type="stmt"/>
        <line num="112" count="6150" type="stmt"/>
        <line num="113" count="6150" type="stmt"/>
        <line num="114" count="221154" type="stmt"/>
        <line num="116" count="6150" type="stmt"/>
        <line num="124" count="2" type="stmt"/>
        <line num="125" count="2" type="stmt"/>
        <line num="126" count="6154" type="cond" truecount="2" falsecount="0"/>
        <line num="127" count="6148" type="stmt"/>
        <line num="128" count="6148" type="stmt"/>
        <line num="131" count="6" type="stmt"/>
        <line num="134" count="2" type="stmt"/>
        <line num="139" count="1" type="stmt"/>
        <line num="140" count="1" type="stmt"/>
        <line num="141" count="1" type="stmt"/>
        <line num="142" count="1" type="cond" truecount="1" falsecount="1"/>
        <line num="143" count="1" type="stmt"/>
        <line num="145" count="1" type="stmt"/>
        <line num="147" count="0" type="stmt"/>
        <line num="154" count="1" type="stmt"/>
        <line num="155" count="1" type="stmt"/>
        <line num="156" count="1" type="stmt"/>
        <line num="159" count="1" type="stmt"/>
        <line num="163" count="1" type="stmt"/>
        <line num="164" count="1" type="stmt"/>
        <line num="169" count="2" type="stmt"/>
        <line num="170" count="6154" type="cond" truecount="2" falsecount="0"/>
        <line num="171" count="6148" type="cond" truecount="1" falsecount="1"/>
        <line num="172" count="6148" type="stmt"/>
        <line num="173" count="293222" type="stmt"/>
        <line num="179" count="2" type="stmt"/>
        <line num="181" count="2" type="stmt"/>
        <line num="186" count="1" type="stmt"/>
        <line num="191" count="3" type="stmt"/>
        <line num="192" count="3" type="stmt"/>
        <line num="193" count="3" type="stmt"/>
        <line num="194" count="25635" type="stmt"/>
        <line num="198" count="1" type="stmt"/>
        <line num="199" count="1" type="stmt"/>
        <line num="202" count="1" type="stmt"/>
      </file>
    </package>
    <package name="engine">
      <metrics statements="130" coveredstatements="128" conditionals="57" coveredconditionals="56" methods="34" coveredmethods="33"/>
      <file name="nlpCacheManagement.js" path="C:\Users\HP\Documents\ArbMSSWECapstone\ksu-crs-nlp-recommender-api-service\engine\nlpCacheManagement.js">
        <metrics statements="4" coveredstatements="4" conditionals="2" coveredconditionals="2" methods="2" coveredmethods="2"/>
        <line num="9" count="2" type="stmt"/>
        <line num="10" count="4" type="cond" truecount="2" falsecount="0"/>
        <line num="13" count="2" type="stmt"/>
        <line num="16" count="1" type="stmt"/>
      </file>
      <file name="nlpDataProcessing.js" path="C:\Users\HP\Documents\ArbMSSWECapstone\ksu-crs-nlp-recommender-api-service\engine\nlpDataProcessing.js">
        <metrics statements="36" coveredstatements="35" conditionals="8" coveredconditionals="8" methods="8" coveredmethods="8"/>
        <line num="2" count="1" type="stmt"/>
        <line num="3" count="1" type="stmt"/>
        <line num="4" count="1" type="stmt"/>
        <line num="10" count="1" type="stmt"/>
        <line num="12" count="1" type="stmt"/>
        <line num="14" count="1" type="stmt"/>
        <line num="20" count="3" type="stmt"/>
        <line num="21" count="3" type="stmt"/>
        <line num="22" count="3" type="stmt"/>
        <line num="23" count="3" type="stmt"/>
        <line num="25" count="0" type="stmt"/>
        <line num="31" count="3" type="stmt"/>
        <line num="32" count="3" type="stmt"/>
        <line num="33" count="3" type="stmt"/>
        <line num="34" count="9" type="stmt"/>
        <line num="44" count="8" type="stmt"/>
        <line num="45" count="8" type="cond" truecount="2" falsecount="0"/>
        <line num="46" count="8" type="stmt"/>
        <line num="47" count="7" type="stmt"/>
        <line num="48" count="7" type="cond" truecount="2" falsecount="0"/>
        <line num="49" count="5" type="stmt"/>
        <line num="50" count="5" type="cond" truecount="2" falsecount="0"/>
        <line num="51" count="4" type="stmt"/>
        <line num="53" count="1" type="stmt"/>
        <line num="58" count="8" type="stmt"/>
        <line num="59" count="8" type="stmt"/>
        <line num="60" count="4" type="stmt"/>
        <line num="62" count="8" type="stmt"/>
        <line num="78" count="2" type="stmt"/>
        <line num="80" count="3" type="cond" truecount="2" falsecount="0"/>
        <line num="81" count="1" type="stmt"/>
        <line num="83" count="2" type="stmt"/>
        <line num="84" count="2" type="stmt"/>
        <line num="85" count="2" type="stmt"/>
        <line num="86" count="2" type="stmt"/>
        <line num="94" count="1" type="stmt"/>
      </file>
      <file name="nlpMiddlewares.js" path="C:\Users\HP\Documents\ArbMSSWECapstone\ksu-crs-nlp-recommender-api-service\engine\nlpMiddlewares.js">
        <metrics statements="20" coveredstatements="19" conditionals="23" coveredconditionals="23" methods="5" coveredmethods="4"/>
        <line num="1" count="1" type="stmt"/>
        <line num="2" count="1" type="stmt"/>
        <line num="6" count="2" type="stmt"/>
        <line num="9" count="2" type="cond" truecount="2" falsecount="0"/>
        <line num="10" count="1" type="stmt"/>
        <line num="12" count="1" type="stmt"/>
        <line num="17" count="1" type="stmt"/>
        <line num="21" count="0" type="stmt"/>
        <line num="30" count="5" type="stmt"/>
        <line num="33" count="5" type="cond" truecount="4" falsecount="0"/>
        <line num="34" count="1" type="stmt"/>
        <line num="38" count="4" type="cond" truecount="2" falsecount="0"/>
        <line num="39" count="1" type="stmt"/>
        <line num="43" count="3" type="cond" truecount="5" falsecount="0"/>
        <line num="44" count="3" type="cond" truecount="6" falsecount="0"/>
        <line num="50" count="1" type="stmt"/>
        <line num="54" count="2" type="cond" truecount="4" falsecount="0"/>
        <line num="55" count="1" type="stmt"/>
        <line num="58" count="1" type="stmt"/>
        <line num="64" count="1" type="stmt"/>
      </file>
      <file name="nlpRecommendationLogic.js" path="C:\Users\HP\Documents\ArbMSSWECapstone\ksu-crs-nlp-recommender-api-service\engine\nlpRecommendationLogic.js">
        <metrics statements="39" coveredstatements="39" conditionals="22" coveredconditionals="21" methods="14" coveredmethods="14"/>
        <line num="2" count="1" type="stmt"/>
        <line num="3" count="1" type="stmt"/>
        <line num="4" count="1" type="stmt"/>
        <line num="12" count="7" type="stmt"/>
        <line num="14" count="7" type="cond" truecount="4" falsecount="0"/>
        <line num="16" count="6" type="cond" truecount="2" falsecount="0"/>
        <line num="29" count="6" type="stmt"/>
        <line num="31" count="6" type="stmt"/>
        <line num="32" count="6" type="stmt"/>
        <line num="33" count="6" type="cond" truecount="2" falsecount="0"/>
        <line num="34" count="6" type="stmt"/>
        <line num="35" count="6" type="cond" truecount="1" falsecount="1"/>
        <line num="37" count="116" type="stmt"/>
        <line num="41" count="7" type="stmt"/>
        <line num="46" count="9" type="stmt"/>
        <line num="49" count="5" type="stmt"/>
        <line num="50" count="5" type="cond" truecount="2" falsecount="0"/>
        <line num="51" count="9" type="stmt"/>
        <line num="54" count="5" type="stmt"/>
        <line num="58" count="1" type="stmt"/>
        <line num="61" count="8" type="stmt"/>
        <line num="67" count="3" type="stmt"/>
        <line num="68" count="3" type="stmt"/>
        <line num="69" count="3" type="stmt"/>
        <line num="71" count="3" type="stmt"/>
        <line num="73" count="3" type="cond" truecount="4" falsecount="0"/>
        <line num="74" count="1" type="stmt"/>
        <line num="75" count="1" type="stmt"/>
        <line num="78" count="2" type="stmt"/>
        <line num="81" count="3" type="stmt"/>
        <line num="87" count="6" type="stmt"/>
        <line num="91" count="6" type="cond" truecount="2" falsecount="0"/>
        <line num="92" count="3" type="stmt"/>
        <line num="95" count="3" type="stmt"/>
        <line num="105" count="2" type="cond" truecount="4" falsecount="0"/>
        <line num="106" count="1" type="stmt"/>
        <line num="108" count="1" type="stmt"/>
        <line num="109" count="2" type="stmt"/>
        <line num="114" count="1" type="stmt"/>
      </file>
      <file name="nlpServerStartup.js" path="C:\Users\HP\Documents\ArbMSSWECapstone\ksu-crs-nlp-recommender-api-service\engine\nlpServerStartup.js">
        <metrics statements="31" coveredstatements="31" conditionals="2" coveredconditionals="2" methods="5" coveredmethods="5"/>
        <line num="1" count="1" type="stmt"/>
        <line num="2" count="1" type="stmt"/>
        <line num="3" count="1" type="stmt"/>
        <line num="4" count="1" type="stmt"/>
        <line num="5" count="1" type="stmt"/>
        <line num="6" count="1" type="stmt"/>
        <line num="7" count="1" type="stmt"/>
        <line num="8" count="1" type="stmt"/>
        <line num="15" count="5" type="stmt"/>
        <line num="17" count="5" type="stmt"/>
        <line num="19" count="5" type="stmt"/>
        <line num="22" count="5" type="stmt"/>
        <line num="23" count="1" type="stmt"/>
        <line num="24" count="1" type="stmt"/>
        <line num="25" count="1" type="stmt"/>
        <line num="38" count="5" type="stmt"/>
        <line num="40" count="3" type="stmt"/>
        <line num="44" count="3" type="stmt"/>
        <line num="47" count="3" type="cond" truecount="2" falsecount="0"/>
        <line num="48" count="2" type="stmt"/>
        <line num="49" count="2" type="stmt"/>
        <line num="51" count="2" type="stmt"/>
        <line num="53" count="1" type="stmt"/>
        <line num="55" count="1" type="stmt"/>
        <line num="57" count="1" type="stmt"/>
        <line num="63" count="3" type="stmt"/>
        <line num="65" count="3" type="stmt"/>
        <line num="69" count="5" type="stmt"/>
        <line num="70" count="1" type="stmt"/>
        <line num="71" count="1" type="stmt"/>
        <line num="77" count="1" type="stmt"/>
      </file>
    </package>
  </project>
</coverage>
