{"C:\\Users\\HP\\Documents\\ArbMSSWECapstone\\ksu-crs-nlp-recommender-api-service\\admin\\nlpDataPreparation.js": {"path":"C:\\Users\\HP\\Documents\\ArbMSSWECapstone\\ksu-crs-nlp-recommender-api-service\\admin\\nlpDataPreparation.js","statementMap":{"0":{"start":{"line":27,"column":11},"end":{"line":27,"column":24}},"1":{"start":{"line":28,"column":13},"end":{"line":28,"column":28}},"2":{"start":{"line":29,"column":16},"end":{"line":29,"column":34}},"3":{"start":{"line":30,"column":27},"end":{"line":30,"column":81}},"4":{"start":{"line":32,"column":33},"end":{"line":32,"column":35}},"5":{"start":{"line":35,"column":23},"end":{"line":35,"column":88}},"6":{"start":{"line":36,"column":30},"end":{"line":36,"column":97}},"7":{"start":{"line":41,"column":24},"end":{"line":41,"column":43}},"8":{"start":{"line":42,"column":33},"end":{"line":42,"column":42}},"9":{"start":{"line":44,"column":18},"end":{"line":44,"column":20}},"10":{"start":{"line":46,"column":20},"end":{"line":46,"column":22}},"11":{"start":{"line":48,"column":23},"end":{"line":48,"column":32}},"12":{"start":{"line":51,"column":22},"end":{"line":51,"column":50}},"13":{"start":{"line":57,"column":4},"end":{"line":88,"column":5}},"14":{"start":{"line":58,"column":28},"end":{"line":58,"column":46}},"15":{"start":{"line":59,"column":8},"end":{"line":65,"column":11}},"16":{"start":{"line":60,"column":12},"end":{"line":64,"column":13}},"17":{"start":{"line":61,"column":16},"end":{"line":61,"column":64}},"18":{"start":{"line":62,"column":30},"end":{"line":62,"column":68}},"19":{"start":{"line":63,"column":16},"end":{"line":63,"column":90}},"20":{"start":{"line":63,"column":38},"end":{"line":63,"column":88}},"21":{"start":{"line":67,"column":40},"end":{"line":74,"column":10}},"22":{"start":{"line":68,"column":27},"end":{"line":68,"column":29}},"23":{"start":{"line":69,"column":12},"end":{"line":72,"column":15}},"24":{"start":{"line":70,"column":30},"end":{"line":70,"column":97}},"25":{"start":{"line":71,"column":16},"end":{"line":71,"column":35}},"26":{"start":{"line":73,"column":12},"end":{"line":73,"column":26}},"27":{"start":{"line":76,"column":32},"end":{"line":76,"column":70}},"28":{"start":{"line":77,"column":30},"end":{"line":77,"column":74}},"29":{"start":{"line":79,"column":8},"end":{"line":79,"column":92}},"30":{"start":{"line":81,"column":35},"end":{"line":81,"column":99}},"31":{"start":{"line":82,"column":8},"end":{"line":82,"column":111}},"32":{"start":{"line":84,"column":8},"end":{"line":84,"column":59}},"33":{"start":{"line":86,"column":8},"end":{"line":86,"column":60}},"34":{"start":{"line":87,"column":8},"end":{"line":87,"column":18}},"35":{"start":{"line":98,"column":19},"end":{"line":98,"column":21}},"36":{"start":{"line":99,"column":18},"end":{"line":99,"column":42}},"37":{"start":{"line":100,"column":4},"end":{"line":110,"column":7}},"38":{"start":{"line":101,"column":30},"end":{"line":101,"column":48}},"39":{"start":{"line":102,"column":8},"end":{"line":109,"column":9}},"40":{"start":{"line":103,"column":26},"end":{"line":103,"column":63}},"41":{"start":{"line":104,"column":12},"end":{"line":108,"column":13}},"42":{"start":{"line":105,"column":16},"end":{"line":105,"column":34}},"43":{"start":{"line":107,"column":16},"end":{"line":107,"column":35}},"44":{"start":{"line":112,"column":24},"end":{"line":112,"column":65}},"45":{"start":{"line":113,"column":4},"end":{"line":115,"column":7}},"46":{"start":{"line":114,"column":8},"end":{"line":114,"column":43}},"47":{"start":{"line":116,"column":4},"end":{"line":116,"column":23}},"48":{"start":{"line":124,"column":4},"end":{"line":124,"column":23}},"49":{"start":{"line":125,"column":4},"end":{"line":133,"column":7}},"50":{"start":{"line":126,"column":8},"end":{"line":132,"column":9}},"51":{"start":{"line":127,"column":27},"end":{"line":127,"column":60}},"52":{"start":{"line":128,"column":12},"end":{"line":128,"column":39}},"53":{"start":{"line":131,"column":12},"end":{"line":131,"column":73}},"54":{"start":{"line":134,"column":4},"end":{"line":134,"column":76}},"55":{"start":{"line":139,"column":4},"end":{"line":148,"column":5}},"56":{"start":{"line":140,"column":8},"end":{"line":140,"column":40}},"57":{"start":{"line":141,"column":8},"end":{"line":141,"column":26}},"58":{"start":{"line":142,"column":8},"end":{"line":144,"column":9}},"59":{"start":{"line":143,"column":12},"end":{"line":143,"column":36}},"60":{"start":{"line":145,"column":8},"end":{"line":145,"column":57}},"61":{"start":{"line":147,"column":8},"end":{"line":147,"column":65}},"62":{"start":{"line":154,"column":4},"end":{"line":154,"column":27}},"63":{"start":{"line":155,"column":4},"end":{"line":155,"column":22}},"64":{"start":{"line":156,"column":4},"end":{"line":156,"column":31}},"65":{"start":{"line":159,"column":4},"end":{"line":159,"column":28}},"66":{"start":{"line":163,"column":4},"end":{"line":163,"column":75}},"67":{"start":{"line":164,"column":4},"end":{"line":164,"column":72}},"68":{"start":{"line":169,"column":4},"end":{"line":176,"column":7}},"69":{"start":{"line":170,"column":8},"end":{"line":175,"column":9}},"70":{"start":{"line":171,"column":26},"end":{"line":171,"column":64}},"71":{"start":{"line":172,"column":12},"end":{"line":174,"column":15}},"72":{"start":{"line":173,"column":16},"end":{"line":173,"column":57}},"73":{"start":{"line":179,"column":4},"end":{"line":179,"column":51}},"74":{"start":{"line":181,"column":4},"end":{"line":181,"column":31}},"75":{"start":{"line":186,"column":25},"end":{"line":186,"column":34}},"76":{"start":{"line":191,"column":4},"end":{"line":191,"column":51}},"77":{"start":{"line":192,"column":4},"end":{"line":192,"column":31}},"78":{"start":{"line":193,"column":4},"end":{"line":195,"column":7}},"79":{"start":{"line":194,"column":8},"end":{"line":194,"column":44}},"80":{"start":{"line":198,"column":0},"end":{"line":198,"column":20}},"81":{"start":{"line":199,"column":0},"end":{"line":199,"column":26}},"82":{"start":{"line":202,"column":0},"end":{"line":211,"column":3}}},"fnMap":{"0":{"name":"preprocessCourses","decl":{"start":{"line":56,"column":15},"end":{"line":56,"column":32}},"loc":{"start":{"line":56,"column":35},"end":{"line":89,"column":1}},"line":56},"1":{"name":"(anonymous_1)","decl":{"start":{"line":59,"column":28},"end":{"line":59,"column":29}},"loc":{"start":{"line":59,"column":38},"end":{"line":65,"column":9}},"line":59},"2":{"name":"(anonymous_2)","decl":{"start":{"line":63,"column":30},"end":{"line":63,"column":31}},"loc":{"start":{"line":63,"column":38},"end":{"line":63,"column":88}},"line":63},"3":{"name":"(anonymous_3)","decl":{"start":{"line":67,"column":70},"end":{"line":67,"column":71}},"loc":{"start":{"line":67,"column":77},"end":{"line":74,"column":9}},"line":67},"4":{"name":"(anonymous_4)","decl":{"start":{"line":69,"column":37},"end":{"line":69,"column":38}},"loc":{"start":{"line":69,"column":45},"end":{"line":72,"column":13}},"line":69},"5":{"name":"vectorizeText","decl":{"start":{"line":96,"column":9},"end":{"line":96,"column":22}},"loc":{"start":{"line":96,"column":29},"end":{"line":117,"column":1}},"line":96},"6":{"name":"(anonymous_6)","decl":{"start":{"line":100,"column":18},"end":{"line":100,"column":19}},"loc":{"start":{"line":100,"column":26},"end":{"line":110,"column":5}},"line":100},"7":{"name":"(anonymous_7)","decl":{"start":{"line":113,"column":32},"end":{"line":113,"column":33}},"loc":{"start":{"line":113,"column":41},"end":{"line":115,"column":5}},"line":113},"8":{"name":"generateCourseVectors","decl":{"start":{"line":123,"column":9},"end":{"line":123,"column":30}},"loc":{"start":{"line":123,"column":33},"end":{"line":135,"column":1}},"line":123},"9":{"name":"(anonymous_9)","decl":{"start":{"line":125,"column":24},"end":{"line":125,"column":25}},"loc":{"start":{"line":125,"column":34},"end":{"line":133,"column":5}},"line":125},"10":{"name":"loadCourseData","decl":{"start":{"line":138,"column":15},"end":{"line":138,"column":29}},"loc":{"start":{"line":138,"column":54},"end":{"line":149,"column":1}},"line":138},"11":{"name":"saveCourseVectorsToFile","decl":{"start":{"line":152,"column":15},"end":{"line":152,"column":38}},"loc":{"start":{"line":152,"column":41},"end":{"line":165,"column":1}},"line":152},"12":{"name":"buildVocabulary","decl":{"start":{"line":168,"column":9},"end":{"line":168,"column":24}},"loc":{"start":{"line":168,"column":27},"end":{"line":182,"column":1}},"line":168},"13":{"name":"(anonymous_13)","decl":{"start":{"line":169,"column":24},"end":{"line":169,"column":25}},"loc":{"start":{"line":169,"column":34},"end":{"line":176,"column":5}},"line":169},"14":{"name":"(anonymous_14)","decl":{"start":{"line":172,"column":26},"end":{"line":172,"column":27}},"loc":{"start":{"line":172,"column":34},"end":{"line":174,"column":13}},"line":172},"15":{"name":"updateVocabularyIndexMap","decl":{"start":{"line":190,"column":9},"end":{"line":190,"column":33}},"loc":{"start":{"line":190,"column":36},"end":{"line":196,"column":1}},"line":190},"16":{"name":"(anonymous_16)","decl":{"start":{"line":193,"column":28},"end":{"line":193,"column":29}},"loc":{"start":{"line":193,"column":45},"end":{"line":195,"column":5}},"line":193}},"branchMap":{"0":{"loc":{"start":{"line":60,"column":12},"end":{"line":64,"column":13}},"type":"if","locations":[{"start":{"line":60,"column":12},"end":{"line":64,"column":13}},{"start":{},"end":{}}],"line":60},"1":{"loc":{"start":{"line":62,"column":30},"end":{"line":62,"column":68}},"type":"binary-expr","locations":[{"start":{"line":62,"column":30},"end":{"line":62,"column":62}},{"start":{"line":62,"column":66},"end":{"line":62,"column":68}}],"line":62},"2":{"loc":{"start":{"line":99,"column":18},"end":{"line":99,"column":42}},"type":"binary-expr","locations":[{"start":{"line":99,"column":18},"end":{"line":99,"column":36}},{"start":{"line":99,"column":40},"end":{"line":99,"column":42}}],"line":99},"3":{"loc":{"start":{"line":102,"column":8},"end":{"line":109,"column":9}},"type":"if","locations":[{"start":{"line":102,"column":8},"end":{"line":109,"column":9}},{"start":{},"end":{}}],"line":102},"4":{"loc":{"start":{"line":104,"column":12},"end":{"line":108,"column":13}},"type":"if","locations":[{"start":{"line":104,"column":12},"end":{"line":108,"column":13}},{"start":{"line":106,"column":19},"end":{"line":108,"column":13}}],"line":104},"5":{"loc":{"start":{"line":126,"column":8},"end":{"line":132,"column":9}},"type":"if","locations":[{"start":{"line":126,"column":8},"end":{"line":132,"column":9}},{"start":{"line":129,"column":15},"end":{"line":132,"column":9}}],"line":126},"6":{"loc":{"start":{"line":138,"column":30},"end":{"line":138,"column":52}},"type":"default-arg","locations":[{"start":{"line":138,"column":48},"end":{"line":138,"column":52}}],"line":138},"7":{"loc":{"start":{"line":142,"column":8},"end":{"line":144,"column":9}},"type":"if","locations":[{"start":{"line":142,"column":8},"end":{"line":144,"column":9}},{"start":{},"end":{}}],"line":142},"8":{"loc":{"start":{"line":170,"column":8},"end":{"line":175,"column":9}},"type":"if","locations":[{"start":{"line":170,"column":8},"end":{"line":175,"column":9}},{"start":{},"end":{}}],"line":170},"9":{"loc":{"start":{"line":171,"column":26},"end":{"line":171,"column":64}},"type":"binary-expr","locations":[{"start":{"line":171,"column":26},"end":{"line":171,"column":58}},{"start":{"line":171,"column":62},"end":{"line":171,"column":64}}],"line":171}},"s":{"0":1,"1":1,"2":1,"3":1,"4":1,"5":1,"6":1,"7":1,"8":1,"9":1,"10":1,"11":1,"12":1,"13":2,"14":2,"15":2,"16":6154,"17":6148,"18":6148,"19":6148,"20":293222,"21":2,"22":9222,"23":9222,"24":253071,"25":253071,"26":9222,"27":2,"28":2,"29":2,"30":1,"31":1,"32":1,"33":1,"34":1,"35":6150,"36":6150,"37":6150,"38":293223,"39":293223,"40":293222,"41":293222,"42":221154,"43":72068,"44":6150,"45":6150,"46":221154,"47":6150,"48":2,"49":2,"50":6154,"51":6148,"52":6148,"53":6,"54":2,"55":1,"56":1,"57":1,"58":1,"59":1,"60":1,"61":0,"62":1,"63":1,"64":1,"65":1,"66":1,"67":1,"68":2,"69":6154,"70":6148,"71":6148,"72":293222,"73":2,"74":2,"75":1,"76":3,"77":3,"78":3,"79":25635,"80":1,"81":1,"82":1},"f":{"0":2,"1":6154,"2":293222,"3":9222,"4":253071,"5":6150,"6":293223,"7":221154,"8":2,"9":6154,"10":1,"11":1,"12":2,"13":6154,"14":293222,"15":3,"16":25635},"b":{"0":[6148,6],"1":[6148,0],"2":[6150,1],"3":[293222,1],"4":[221154,72068],"5":[6148,6],"6":[1],"7":[1,0],"8":[6148,6],"9":[6148,0]},"_coverageSchema":"1a1c01bbd47fc00a2c39e90264f33305004495a9","hash":"1f3e75c1047653fe8dadb579cc853ddca248dda7"}
,"C:\\Users\\HP\\Documents\\ArbMSSWECapstone\\ksu-crs-nlp-recommender-api-service\\engine\\nlpCacheManagement.js": {"path":"C:\\Users\\HP\\Documents\\ArbMSSWECapstone\\ksu-crs-nlp-recommender-api-service\\engine\\nlpCacheManagement.js","statementMap":{"0":{"start":{"line":9,"column":33},"end":{"line":11,"column":5}},"1":{"start":{"line":10,"column":4},"end":{"line":10,"column":69}},"2":{"start":{"line":13,"column":2},"end":{"line":13,"column":147}},"3":{"start":{"line":16,"column":2},"end":{"line":16,"column":42}}},"fnMap":{"0":{"name":"generateBaseCacheKey","decl":{"start":{"line":5,"column":9},"end":{"line":5,"column":29}},"loc":{"start":{"line":5,"column":45},"end":{"line":14,"column":1}},"line":5},"1":{"name":"(anonymous_1)","decl":{"start":{"line":9,"column":83},"end":{"line":9,"column":84}},"loc":{"start":{"line":9,"column":93},"end":{"line":11,"column":3}},"line":9}},"branchMap":{"0":{"loc":{"start":{"line":10,"column":42},"end":{"line":10,"column":67}},"type":"binary-expr","locations":[{"start":{"line":10,"column":42},"end":{"line":10,"column":54}},{"start":{"line":10,"column":58},"end":{"line":10,"column":67}}],"line":10}},"s":{"0":2,"1":4,"2":2,"3":1},"f":{"0":2,"1":4},"b":{"0":[4,1]},"_coverageSchema":"1a1c01bbd47fc00a2c39e90264f33305004495a9","hash":"1fe1e38c327f0f9c26eee6c14f23cce93b463ce0"}
,"C:\\Users\\HP\\Documents\\ArbMSSWECapstone\\ksu-crs-nlp-recommender-api-service\\engine\\nlpDataProcessing.js": {"path":"C:\\Users\\HP\\Documents\\ArbMSSWECapstone\\ksu-crs-nlp-recommender-api-service\\engine\\nlpDataProcessing.js","statementMap":{"0":{"start":{"line":2,"column":22},"end":{"line":2,"column":76}},"1":{"start":{"line":3,"column":26},"end":{"line":3,"column":78}},"2":{"start":{"line":4,"column":13},"end":{"line":4,"column":30}},"3":{"start":{"line":10,"column":23},"end":{"line":10,"column":32}},"4":{"start":{"line":12,"column":22},"end":{"line":12,"column":50}},"5":{"start":{"line":14,"column":25},"end":{"line":14,"column":34}},"6":{"start":{"line":20,"column":2},"end":{"line":26,"column":3}},"7":{"start":{"line":21,"column":4},"end":{"line":21,"column":50}},"8":{"start":{"line":22,"column":4},"end":{"line":22,"column":51}},"9":{"start":{"line":23,"column":4},"end":{"line":23,"column":31}},"10":{"start":{"line":25,"column":4},"end":{"line":25,"column":62}},"11":{"start":{"line":31,"column":2},"end":{"line":31,"column":49}},"12":{"start":{"line":32,"column":2},"end":{"line":32,"column":29}},"13":{"start":{"line":33,"column":2},"end":{"line":35,"column":5}},"14":{"start":{"line":34,"column":4},"end":{"line":34,"column":40}},"15":{"start":{"line":44,"column":17},"end":{"line":44,"column":19}},"16":{"start":{"line":45,"column":16},"end":{"line":45,"column":40}},"17":{"start":{"line":46,"column":2},"end":{"line":56,"column":5}},"18":{"start":{"line":47,"column":26},"end":{"line":47,"column":44}},"19":{"start":{"line":48,"column":4},"end":{"line":55,"column":5}},"20":{"start":{"line":49,"column":20},"end":{"line":49,"column":57}},"21":{"start":{"line":50,"column":6},"end":{"line":54,"column":7}},"22":{"start":{"line":51,"column":8},"end":{"line":51,"column":26}},"23":{"start":{"line":53,"column":8},"end":{"line":53,"column":27}},"24":{"start":{"line":58,"column":22},"end":{"line":58,"column":63}},"25":{"start":{"line":59,"column":2},"end":{"line":61,"column":5}},"26":{"start":{"line":60,"column":4},"end":{"line":60,"column":39}},"27":{"start":{"line":62,"column":2},"end":{"line":62,"column":21}},"28":{"start":{"line":78,"column":2},"end":{"line":87,"column":5}},"29":{"start":{"line":80,"column":4},"end":{"line":82,"column":5}},"30":{"start":{"line":81,"column":6},"end":{"line":81,"column":56}},"31":{"start":{"line":83,"column":23},"end":{"line":83,"column":60}},"32":{"start":{"line":84,"column":18},"end":{"line":84,"column":42}},"33":{"start":{"line":85,"column":18},"end":{"line":85,"column":41}},"34":{"start":{"line":86,"column":4},"end":{"line":86,"column":40}},"35":{"start":{"line":94,"column":0},"end":{"line":94,"column":79}}},"fnMap":{"0":{"name":"loadGlobalVocabulary","decl":{"start":{"line":19,"column":15},"end":{"line":19,"column":35}},"loc":{"start":{"line":19,"column":38},"end":{"line":27,"column":1}},"line":19},"1":{"name":"updateVocabularyIndexMap","decl":{"start":{"line":30,"column":9},"end":{"line":30,"column":33}},"loc":{"start":{"line":30,"column":36},"end":{"line":36,"column":1}},"line":30},"2":{"name":"(anonymous_2)","decl":{"start":{"line":33,"column":26},"end":{"line":33,"column":27}},"loc":{"start":{"line":33,"column":43},"end":{"line":35,"column":3}},"line":33},"3":{"name":"vectorizeText","decl":{"start":{"line":42,"column":9},"end":{"line":42,"column":22}},"loc":{"start":{"line":42,"column":29},"end":{"line":64,"column":1}},"line":42},"4":{"name":"(anonymous_4)","decl":{"start":{"line":46,"column":16},"end":{"line":46,"column":17}},"loc":{"start":{"line":46,"column":24},"end":{"line":56,"column":3}},"line":46},"5":{"name":"(anonymous_5)","decl":{"start":{"line":59,"column":30},"end":{"line":59,"column":31}},"loc":{"start":{"line":59,"column":39},"end":{"line":61,"column":3}},"line":59},"6":{"name":"computeSimilarityScores","decl":{"start":{"line":77,"column":9},"end":{"line":77,"column":32}},"loc":{"start":{"line":77,"column":48},"end":{"line":88,"column":1}},"line":77},"7":{"name":"(anonymous_7)","decl":{"start":{"line":78,"column":27},"end":{"line":78,"column":28}},"loc":{"start":{"line":78,"column":43},"end":{"line":87,"column":3}},"line":78}},"branchMap":{"0":{"loc":{"start":{"line":45,"column":16},"end":{"line":45,"column":40}},"type":"binary-expr","locations":[{"start":{"line":45,"column":16},"end":{"line":45,"column":34}},{"start":{"line":45,"column":38},"end":{"line":45,"column":40}}],"line":45},"1":{"loc":{"start":{"line":48,"column":4},"end":{"line":55,"column":5}},"type":"if","locations":[{"start":{"line":48,"column":4},"end":{"line":55,"column":5}},{"start":{},"end":{}}],"line":48},"2":{"loc":{"start":{"line":50,"column":6},"end":{"line":54,"column":7}},"type":"if","locations":[{"start":{"line":50,"column":6},"end":{"line":54,"column":7}},{"start":{"line":52,"column":13},"end":{"line":54,"column":7}}],"line":50},"3":{"loc":{"start":{"line":80,"column":4},"end":{"line":82,"column":5}},"type":"if","locations":[{"start":{"line":80,"column":4},"end":{"line":82,"column":5}},{"start":{},"end":{}}],"line":80}},"s":{"0":1,"1":1,"2":1,"3":1,"4":1,"5":1,"6":3,"7":3,"8":3,"9":3,"10":0,"11":3,"12":3,"13":3,"14":9,"15":8,"16":8,"17":8,"18":7,"19":7,"20":5,"21":5,"22":4,"23":1,"24":8,"25":8,"26":4,"27":8,"28":2,"29":3,"30":1,"31":2,"32":2,"33":2,"34":2,"35":1},"f":{"0":3,"1":3,"2":9,"3":8,"4":7,"5":4,"6":2,"7":3},"b":{"0":[8,5],"1":[5,2],"2":[4,1],"3":[1,2]},"_coverageSchema":"1a1c01bbd47fc00a2c39e90264f33305004495a9","hash":"39cdd159b752cade556c9eb15cddc4ae80bf6d43"}
,"C:\\Users\\HP\\Documents\\ArbMSSWECapstone\\ksu-crs-nlp-recommender-api-service\\engine\\nlpMiddlewares.js": {"path":"C:\\Users\\HP\\Documents\\ArbMSSWECapstone\\ksu-crs-nlp-recommender-api-service\\engine\\nlpMiddlewares.js","statementMap":{"0":{"start":{"line":1,"column":18},"end":{"line":1,"column":47}},"1":{"start":{"line":2,"column":25},"end":{"line":2,"column":53}},"2":{"start":{"line":6,"column":19},"end":{"line":6,"column":42}},"3":{"start":{"line":9,"column":4},"end":{"line":13,"column":5}},"4":{"start":{"line":10,"column":6},"end":{"line":10,"column":13}},"5":{"start":{"line":12,"column":6},"end":{"line":12,"column":57}},"6":{"start":{"line":17,"column":16},"end":{"line":25,"column":6}},"7":{"start":{"line":21,"column":10},"end":{"line":23,"column":15}},"8":{"start":{"line":30,"column":24},"end":{"line":30,"column":32}},"9":{"start":{"line":33,"column":2},"end":{"line":35,"column":3}},"10":{"start":{"line":34,"column":4},"end":{"line":34,"column":95}},"11":{"start":{"line":38,"column":2},"end":{"line":40,"column":3}},"12":{"start":{"line":39,"column":4},"end":{"line":39,"column":104}},"13":{"start":{"line":43,"column":2},"end":{"line":51,"column":3}},"14":{"start":{"line":44,"column":4},"end":{"line":49,"column":36}},"15":{"start":{"line":50,"column":4},"end":{"line":50,"column":146}},"16":{"start":{"line":54,"column":2},"end":{"line":56,"column":3}},"17":{"start":{"line":54,"column":107},"end":{"line":54,"column":134}},"18":{"start":{"line":55,"column":4},"end":{"line":55,"column":91}},"19":{"start":{"line":58,"column":0},"end":{"line":58,"column":6}},"20":{"start":{"line":64,"column":0},"end":{"line":64,"column":65}}},"fnMap":{"0":{"name":"validateApiKey","decl":{"start":{"line":5,"column":9},"end":{"line":5,"column":23}},"loc":{"start":{"line":5,"column":40},"end":{"line":14,"column":3}},"line":5},"1":{"name":"(anonymous_1)","decl":{"start":{"line":20,"column":15},"end":{"line":20,"column":16}},"loc":{"start":{"line":20,"column":47},"end":{"line":24,"column":9}},"line":20},"2":{"name":"validateStudentRecord","decl":{"start":{"line":28,"column":9},"end":{"line":28,"column":30}},"loc":{"start":{"line":28,"column":47},"end":{"line":60,"column":5}},"line":28},"3":{"name":"(anonymous_3)","decl":{"start":{"line":43,"column":139},"end":{"line":43,"column":140}},"loc":{"start":{"line":44,"column":4},"end":{"line":49,"column":36}},"line":44},"4":{"name":"(anonymous_4)","decl":{"start":{"line":54,"column":96},"end":{"line":54,"column":97}},"loc":{"start":{"line":54,"column":107},"end":{"line":54,"column":134}},"line":54}},"branchMap":{"0":{"loc":{"start":{"line":9,"column":4},"end":{"line":13,"column":5}},"type":"if","locations":[{"start":{"line":9,"column":4},"end":{"line":13,"column":5}},{"start":{"line":11,"column":11},"end":{"line":13,"column":5}}],"line":9},"1":{"loc":{"start":{"line":33,"column":2},"end":{"line":35,"column":3}},"type":"if","locations":[{"start":{"line":33,"column":2},"end":{"line":35,"column":3}},{"start":{},"end":{}}],"line":33},"2":{"loc":{"start":{"line":33,"column":6},"end":{"line":33,"column":100}},"type":"binary-expr","locations":[{"start":{"line":33,"column":6},"end":{"line":33,"column":57}},{"start":{"line":33,"column":61},"end":{"line":33,"column":100}}],"line":33},"3":{"loc":{"start":{"line":38,"column":2},"end":{"line":40,"column":3}},"type":"if","locations":[{"start":{"line":38,"column":2},"end":{"line":40,"column":3}},{"start":{},"end":{}}],"line":38},"4":{"loc":{"start":{"line":43,"column":2},"end":{"line":51,"column":3}},"type":"if","locations":[{"start":{"line":43,"column":2},"end":{"line":51,"column":3}},{"start":{},"end":{}}],"line":43},"5":{"loc":{"start":{"line":43,"column":6},"end":{"line":49,"column":37}},"type":"binary-expr","locations":[{"start":{"line":43,"column":6},"end":{"line":43,"column":52}},{"start":{"line":43,"column":56},"end":{"line":43,"column":99}},{"start":{"line":43,"column":103},"end":{"line":49,"column":37}}],"line":43},"6":{"loc":{"start":{"line":44,"column":4},"end":{"line":49,"column":36}},"type":"binary-expr","locations":[{"start":{"line":44,"column":4},"end":{"line":44,"column":38}},{"start":{"line":45,"column":4},"end":{"line":45,"column":37}},{"start":{"line":46,"column":4},"end":{"line":46,"column":37}},{"start":{"line":47,"column":4},"end":{"line":47,"column":36}},{"start":{"line":48,"column":4},"end":{"line":48,"column":42}},{"start":{"line":49,"column":4},"end":{"line":49,"column":36}}],"line":44},"7":{"loc":{"start":{"line":54,"column":2},"end":{"line":56,"column":3}},"type":"if","locations":[{"start":{"line":54,"column":2},"end":{"line":56,"column":3}},{"start":{},"end":{}}],"line":54},"8":{"loc":{"start":{"line":54,"column":6},"end":{"line":54,"column":135}},"type":"binary-expr","locations":[{"start":{"line":54,"column":6},"end":{"line":54,"column":54}},{"start":{"line":54,"column":58},"end":{"line":54,"column":135}}],"line":54}},"s":{"0":1,"1":1,"2":2,"3":2,"4":1,"5":1,"6":1,"7":0,"8":5,"9":5,"10":1,"11":4,"12":1,"13":3,"14":3,"15":1,"16":2,"17":2,"18":1,"19":1,"20":1},"f":{"0":2,"1":0,"2":5,"3":3,"4":2},"b":{"0":[1,1],"1":[1,4],"2":[5,5],"3":[1,3],"4":[1,2],"5":[3,3,3],"6":[3,2,2,2,2,2],"7":[1,1],"8":[2,1]},"_coverageSchema":"1a1c01bbd47fc00a2c39e90264f33305004495a9","hash":"85fdc5f419f630838994f3c78fff0f5a85e81d91"}
,"C:\\Users\\HP\\Documents\\ArbMSSWECapstone\\ksu-crs-nlp-recommender-api-service\\engine\\nlpRecommendationLogic.js": {"path":"C:\\Users\\HP\\Documents\\ArbMSSWECapstone\\ksu-crs-nlp-recommender-api-service\\engine\\nlpRecommendationLogic.js","statementMap":{"0":{"start":{"line":2,"column":20},"end":{"line":2,"column":74}},"1":{"start":{"line":3,"column":51},"end":{"line":3,"column":81}},"2":{"start":{"line":4,"column":16},"end":{"line":4,"column":34}},"3":{"start":{"line":12,"column":31},"end":{"line":12,"column":33}},"4":{"start":{"line":14,"column":4},"end":{"line":39,"column":5}},"5":{"start":{"line":16,"column":31},"end":{"line":28,"column":9}},"6":{"start":{"line":29,"column":35},"end":{"line":29,"column":37}},"7":{"start":{"line":31,"column":8},"end":{"line":38,"column":11}},"8":{"start":{"line":32,"column":26},"end":{"line":32,"column":38}},"9":{"start":{"line":33,"column":27},"end":{"line":33,"column":53}},"10":{"start":{"line":34,"column":32},"end":{"line":34,"column":71}},"11":{"start":{"line":35,"column":32},"end":{"line":35,"column":83}},"12":{"start":{"line":37,"column":12},"end":{"line":37,"column":104}},"13":{"start":{"line":37,"column":81},"end":{"line":37,"column":92}},"14":{"start":{"line":41,"column":4},"end":{"line":41,"column":39}},"15":{"start":{"line":46,"column":25},"end":{"line":46,"column":86}},"16":{"start":{"line":46,"column":58},"end":{"line":46,"column":85}},"17":{"start":{"line":49,"column":21},"end":{"line":49,"column":48}},"18":{"start":{"line":50,"column":4},"end":{"line":52,"column":5}},"19":{"start":{"line":51,"column":8},"end":{"line":51,"column":71}},"20":{"start":{"line":51,"column":53},"end":{"line":51,"column":69}},"21":{"start":{"line":54,"column":4},"end":{"line":54,"column":26}},"22":{"start":{"line":58,"column":28},"end":{"line":58,"column":55}},"23":{"start":{"line":61,"column":4},"end":{"line":61,"column":104}},"24":{"start":{"line":61,"column":44},"end":{"line":61,"column":102}},"25":{"start":{"line":67,"column":29},"end":{"line":67,"column":76}},"26":{"start":{"line":68,"column":24},"end":{"line":68,"column":57}},"27":{"start":{"line":69,"column":17},"end":{"line":69,"column":55}},"28":{"start":{"line":71,"column":23},"end":{"line":71,"column":25}},"29":{"start":{"line":73,"column":4},"end":{"line":79,"column":5}},"30":{"start":{"line":74,"column":31},"end":{"line":74,"column":74}},"31":{"start":{"line":75,"column":8},"end":{"line":75,"column":65}},"32":{"start":{"line":78,"column":8},"end":{"line":78,"column":56}},"33":{"start":{"line":81,"column":25},"end":{"line":81,"column":66}},"34":{"start":{"line":87,"column":30},"end":{"line":92,"column":39}},"35":{"start":{"line":87,"column":66},"end":{"line":90,"column":5}},"36":{"start":{"line":91,"column":8},"end":{"line":91,"column":90}},"37":{"start":{"line":92,"column":21},"end":{"line":92,"column":38}},"38":{"start":{"line":95,"column":4},"end":{"line":95,"column":31}},"39":{"start":{"line":105,"column":4},"end":{"line":107,"column":5}},"40":{"start":{"line":106,"column":6},"end":{"line":106,"column":33}},"41":{"start":{"line":108,"column":4},"end":{"line":110,"column":6}},"42":{"start":{"line":109,"column":6},"end":{"line":109,"column":46}},"43":{"start":{"line":114,"column":0},"end":{"line":117,"column":21}}},"fnMap":{"0":{"name":"createWeightedStudentDescription","decl":{"start":{"line":11,"column":9},"end":{"line":11,"column":41}},"loc":{"start":{"line":11,"column":57},"end":{"line":42,"column":1}},"line":11},"1":{"name":"(anonymous_1)","decl":{"start":{"line":31,"column":47},"end":{"line":31,"column":48}},"loc":{"start":{"line":31,"column":57},"end":{"line":38,"column":9}},"line":31},"2":{"name":"(anonymous_2)","decl":{"start":{"line":37,"column":75},"end":{"line":37,"column":76}},"loc":{"start":{"line":37,"column":81},"end":{"line":37,"column":92}},"line":37},"3":{"name":"adjustForCareerGoal","decl":{"start":{"line":45,"column":9},"end":{"line":45,"column":28}},"loc":{"start":{"line":45,"column":55},"end":{"line":55,"column":1}},"line":45},"4":{"name":"(anonymous_4)","decl":{"start":{"line":46,"column":40},"end":{"line":46,"column":41}},"loc":{"start":{"line":46,"column":58},"end":{"line":46,"column":85}},"line":46},"5":{"name":"(anonymous_5)","decl":{"start":{"line":51,"column":44},"end":{"line":51,"column":45}},"loc":{"start":{"line":51,"column":53},"end":{"line":51,"column":69}},"line":51},"6":{"name":"isCourseSimilar","decl":{"start":{"line":60,"column":9},"end":{"line":60,"column":24}},"loc":{"start":{"line":60,"column":52},"end":{"line":62,"column":1}},"line":60},"7":{"name":"(anonymous_7)","decl":{"start":{"line":61,"column":29},"end":{"line":61,"column":30}},"loc":{"start":{"line":61,"column":44},"end":{"line":61,"column":102}},"line":61},"8":{"name":"recommendCourses","decl":{"start":{"line":65,"column":9},"end":{"line":65,"column":25}},"loc":{"start":{"line":65,"column":41},"end":{"line":96,"column":1}},"line":65},"9":{"name":"(anonymous_9)","decl":{"start":{"line":87,"column":46},"end":{"line":87,"column":47}},"loc":{"start":{"line":87,"column":66},"end":{"line":90,"column":5}},"line":87},"10":{"name":"(anonymous_10)","decl":{"start":{"line":90,"column":15},"end":{"line":90,"column":16}},"loc":{"start":{"line":91,"column":8},"end":{"line":91,"column":90}},"line":91},"11":{"name":"(anonymous_11)","decl":{"start":{"line":92,"column":11},"end":{"line":92,"column":12}},"loc":{"start":{"line":92,"column":21},"end":{"line":92,"column":38}},"line":92},"12":{"name":"filterRecommendationsByAllowedSubject","decl":{"start":{"line":99,"column":9},"end":{"line":99,"column":46}},"loc":{"start":{"line":99,"column":85},"end":{"line":112,"column":3}},"line":99},"13":{"name":"(anonymous_13)","decl":{"start":{"line":108,"column":38},"end":{"line":108,"column":39}},"loc":{"start":{"line":109,"column":6},"end":{"line":109,"column":46}},"line":109}},"branchMap":{"0":{"loc":{"start":{"line":14,"column":4},"end":{"line":39,"column":5}},"type":"if","locations":[{"start":{"line":14,"column":4},"end":{"line":39,"column":5}},{"start":{},"end":{}}],"line":14},"1":{"loc":{"start":{"line":14,"column":8},"end":{"line":14,"column":79}},"type":"binary-expr","locations":[{"start":{"line":14,"column":8},"end":{"line":14,"column":38}},{"start":{"line":14,"column":42},"end":{"line":14,"column":79}}],"line":14},"2":{"loc":{"start":{"line":16,"column":31},"end":{"line":28,"column":9}},"type":"cond-expr","locations":[{"start":{"line":16,"column":70},"end":{"line":22,"column":9}},{"start":{"line":22,"column":12},"end":{"line":28,"column":9}}],"line":16},"3":{"loc":{"start":{"line":33,"column":27},"end":{"line":33,"column":53}},"type":"binary-expr","locations":[{"start":{"line":33,"column":27},"end":{"line":33,"column":48}},{"start":{"line":33,"column":52},"end":{"line":33,"column":53}}],"line":33},"4":{"loc":{"start":{"line":35,"column":32},"end":{"line":35,"column":83}},"type":"cond-expr","locations":[{"start":{"line":35,"column":53},"end":{"line":35,"column":78}},{"start":{"line":35,"column":81},"end":{"line":35,"column":83}}],"line":35},"5":{"loc":{"start":{"line":50,"column":4},"end":{"line":52,"column":5}},"type":"if","locations":[{"start":{"line":50,"column":4},"end":{"line":52,"column":5}},{"start":{},"end":{}}],"line":50},"6":{"loc":{"start":{"line":73,"column":4},"end":{"line":79,"column":5}},"type":"if","locations":[{"start":{"line":73,"column":4},"end":{"line":79,"column":5}},{"start":{"line":76,"column":11},"end":{"line":79,"column":5}}],"line":73},"7":{"loc":{"start":{"line":73,"column":8},"end":{"line":73,"column":75}},"type":"binary-expr","locations":[{"start":{"line":73,"column":8},"end":{"line":73,"column":36}},{"start":{"line":73,"column":40},"end":{"line":73,"column":75}}],"line":73},"8":{"loc":{"start":{"line":91,"column":8},"end":{"line":91,"column":90}},"type":"binary-expr","locations":[{"start":{"line":91,"column":8},"end":{"line":91,"column":24}},{"start":{"line":91,"column":28},"end":{"line":91,"column":90}}],"line":91},"9":{"loc":{"start":{"line":105,"column":4},"end":{"line":107,"column":5}},"type":"if","locations":[{"start":{"line":105,"column":4},"end":{"line":107,"column":5}},{"start":{},"end":{}}],"line":105},"10":{"loc":{"start":{"line":105,"column":8},"end":{"line":105,"column":56}},"type":"binary-expr","locations":[{"start":{"line":105,"column":8},"end":{"line":105,"column":24}},{"start":{"line":105,"column":28},"end":{"line":105,"column":56}}],"line":105}},"s":{"0":1,"1":1,"2":1,"3":7,"4":7,"5":6,"6":6,"7":6,"8":6,"9":6,"10":6,"11":6,"12":6,"13":116,"14":7,"15":5,"16":9,"17":5,"18":5,"19":4,"20":9,"21":5,"22":1,"23":8,"24":8,"25":3,"26":3,"27":3,"28":3,"29":3,"30":1,"31":1,"32":2,"33":3,"34":3,"35":6,"36":6,"37":3,"38":3,"39":2,"40":1,"41":1,"42":2,"43":1},"f":{"0":7,"1":6,"2":116,"3":5,"4":9,"5":9,"6":8,"7":8,"8":3,"9":6,"10":6,"11":3,"12":2,"13":2},"b":{"0":[6,1],"1":[7,7],"2":[5,1],"3":[6,1],"4":[6,0],"5":[4,1],"6":[1,2],"7":[3,1],"8":[6,6],"9":[1,1],"10":[2,2]},"_coverageSchema":"1a1c01bbd47fc00a2c39e90264f33305004495a9","hash":"6dda949faa4c14c3bcb9ca8154bfcdf7bd10c6ff"}
,"C:\\Users\\HP\\Documents\\ArbMSSWECapstone\\ksu-crs-nlp-recommender-api-service\\engine\\nlpServerStartup.js": {"path":"C:\\Users\\HP\\Documents\\ArbMSSWECapstone\\ksu-crs-nlp-recommender-api-service\\engine\\nlpServerStartup.js","statementMap":{"0":{"start":{"line":1,"column":18},"end":{"line":1,"column":47}},"1":{"start":{"line":2,"column":19},"end":{"line":2,"column":43}},"2":{"start":{"line":3,"column":15},"end":{"line":3,"column":55}},"3":{"start":{"line":4,"column":32},"end":{"line":4,"column":62}},"4":{"start":{"line":5,"column":59},"end":{"line":5,"column":86}},"5":{"start":{"line":6,"column":33},"end":{"line":6,"column":64}},"6":{"start":{"line":7,"column":68},"end":{"line":7,"column":103}},"7":{"start":{"line":8,"column":14},"end":{"line":8,"column":23}},"8":{"start":{"line":15,"column":4},"end":{"line":15,"column":33}},"9":{"start":{"line":17,"column":28},"end":{"line":17,"column":77}},"10":{"start":{"line":19,"column":4},"end":{"line":19,"column":79}},"11":{"start":{"line":22,"column":4},"end":{"line":35,"column":7}},"12":{"start":{"line":23,"column":21},"end":{"line":23,"column":46}},"13":{"start":{"line":24,"column":6},"end":{"line":24,"column":28}},"14":{"start":{"line":25,"column":6},"end":{"line":34,"column":5}},"15":{"start":{"line":38,"column":4},"end":{"line":67,"column":7}},"16":{"start":{"line":40,"column":28},"end":{"line":40,"column":36}},"17":{"start":{"line":44,"column":27},"end":{"line":44,"column":62}},"18":{"start":{"line":47,"column":6},"end":{"line":58,"column":7}},"19":{"start":{"line":48,"column":8},"end":{"line":48,"column":63}},"20":{"start":{"line":49,"column":36},"end":{"line":49,"column":59}},"21":{"start":{"line":51,"column":8},"end":{"line":51,"column":119}},"22":{"start":{"line":53,"column":36},"end":{"line":53,"column":67}},"23":{"start":{"line":55,"column":8},"end":{"line":55,"column":53}},"24":{"start":{"line":57,"column":8},"end":{"line":57,"column":119}},"25":{"start":{"line":63,"column":6},"end":{"line":63,"column":78}},"26":{"start":{"line":63,"column":57},"end":{"line":63,"column":76}},"27":{"start":{"line":65,"column":6},"end":{"line":65,"column":36}},"28":{"start":{"line":69,"column":4},"end":{"line":72,"column":7}},"29":{"start":{"line":70,"column":6},"end":{"line":70,"column":29}},"30":{"start":{"line":71,"column":6},"end":{"line":71,"column":45}},"31":{"start":{"line":77,"column":0},"end":{"line":77,"column":26}}},"fnMap":{"0":{"name":"startup","decl":{"start":{"line":14,"column":15},"end":{"line":14,"column":22}},"loc":{"start":{"line":14,"column":28},"end":{"line":74,"column":3}},"line":14},"1":{"name":"(anonymous_1)","decl":{"start":{"line":22,"column":23},"end":{"line":22,"column":24}},"loc":{"start":{"line":22,"column":37},"end":{"line":35,"column":5}},"line":22},"2":{"name":"(anonymous_2)","decl":{"start":{"line":38,"column":75},"end":{"line":38,"column":76}},"loc":{"start":{"line":38,"column":89},"end":{"line":67,"column":5}},"line":38},"3":{"name":"(anonymous_3)","decl":{"start":{"line":63,"column":47},"end":{"line":63,"column":48}},"loc":{"start":{"line":63,"column":57},"end":{"line":63,"column":76}},"line":63},"4":{"name":"(anonymous_4)","decl":{"start":{"line":69,"column":27},"end":{"line":69,"column":28}},"loc":{"start":{"line":69,"column":41},"end":{"line":72,"column":5}},"line":69}},"branchMap":{"0":{"loc":{"start":{"line":47,"column":6},"end":{"line":58,"column":7}},"type":"if","locations":[{"start":{"line":47,"column":6},"end":{"line":58,"column":7}},{"start":{"line":52,"column":13},"end":{"line":58,"column":7}}],"line":47}},"s":{"0":1,"1":1,"2":1,"3":1,"4":1,"5":1,"6":1,"7":1,"8":5,"9":5,"10":5,"11":5,"12":1,"13":1,"14":1,"15":5,"16":3,"17":3,"18":3,"19":2,"20":2,"21":2,"22":1,"23":1,"24":1,"25":3,"26":3,"27":3,"28":5,"29":1,"30":1,"31":1},"f":{"0":5,"1":1,"2":3,"3":3,"4":1},"b":{"0":[2,1]},"_coverageSchema":"1a1c01bbd47fc00a2c39e90264f33305004495a9","hash":"36747c9b625cb10bfcaee7f3cb528edeb202f19e"}
}
