TN:
SF:admin\nlpDataPreparation.js
FN:56,preprocessCourses
FN:59,(anonymous_1)
FN:63,(anonymous_2)
FN:67,(anonymous_3)
FN:69,(anonymous_4)
FN:96,vectorizeText
FN:100,(anonymous_6)
FN:113,(anonymous_7)
FN:123,generateCourseVectors
FN:125,(anonymous_9)
FN:138,loadCourseData
FN:152,saveCourseVectorsToFile
FN:168,buildVocabulary
FN:169,(anonymous_13)
FN:172,(anonymous_14)
FN:190,updateVocabularyIndexMap
FN:193,(anonymous_16)
FNF:17
FNH:17
FNDA:2,preprocessCourses
FNDA:6154,(anonymous_1)
FNDA:293222,(anonymous_2)
FNDA:9222,(anonymous_3)
FNDA:253071,(anonymous_4)
FNDA:6150,vectorizeText
FNDA:293223,(anonymous_6)
FNDA:221154,(anonymous_7)
FNDA:2,generateCourseVectors
FNDA:6154,(anonymous_9)
FNDA:1,loadCourseData
FNDA:1,saveCourseVectorsToFile
FNDA:2,buildVocabulary
FNDA:6154,(anonymous_13)
FNDA:293222,(anonymous_14)
FNDA:3,updateVocabularyIndexMap
FNDA:25635,(anonymous_16)
DA:27,1
DA:28,1
DA:29,1
DA:30,1
DA:32,1
DA:35,1
DA:36,1
DA:41,1
DA:42,1
DA:44,1
DA:46,1
DA:48,1
DA:51,1
DA:57,2
DA:58,2
DA:59,2
DA:60,6154
DA:61,6148
DA:62,6148
DA:63,293222
DA:67,2
DA:68,9222
DA:69,9222
DA:70,253071
DA:71,253071
DA:73,9222
DA:76,2
DA:77,2
DA:79,2
DA:81,1
DA:82,1
DA:84,1
DA:86,1
DA:87,1
DA:98,6150
DA:99,6150
DA:100,6150
DA:101,293223
DA:102,293223
DA:103,293222
DA:104,293222
DA:105,221154
DA:107,72068
DA:112,6150
DA:113,6150
DA:114,221154
DA:116,6150
DA:124,2
DA:125,2
DA:126,6154
DA:127,6148
DA:128,6148
DA:131,6
DA:134,2
DA:139,1
DA:140,1
DA:141,1
DA:142,1
DA:143,1
DA:145,1
DA:147,0
DA:154,1
DA:155,1
DA:156,1
DA:159,1
DA:163,1
DA:164,1
DA:169,2
DA:170,6154
DA:171,6148
DA:172,6148
DA:173,293222
DA:179,2
DA:181,2
DA:186,1
DA:191,3
DA:192,3
DA:193,3
DA:194,25635
DA:198,1
DA:199,1
DA:202,1
LF:82
LH:81
BRDA:60,0,0,6148
BRDA:60,0,1,6
BRDA:62,1,0,6148
BRDA:62,1,1,0
BRDA:99,2,0,6150
BRDA:99,2,1,1
BRDA:102,3,0,293222
BRDA:102,3,1,1
BRDA:104,4,0,221154
BRDA:104,4,1,72068
BRDA:126,5,0,6148
BRDA:126,5,1,6
BRDA:138,6,0,1
BRDA:142,7,0,1
BRDA:142,7,1,0
BRDA:170,8,0,6148
BRDA:170,8,1,6
BRDA:171,9,0,6148
BRDA:171,9,1,0
BRF:19
BRH:16
end_of_record
TN:
SF:engine\nlpCacheManagement.js
FN:5,generateBaseCacheKey
FN:9,(anonymous_1)
FNF:2
FNH:2
FNDA:2,generateBaseCacheKey
FNDA:4,(anonymous_1)
DA:9,2
DA:10,4
DA:13,2
DA:16,1
LF:4
LH:4
BRDA:10,0,0,4
BRDA:10,0,1,1
BRF:2
BRH:2
end_of_record
TN:
SF:engine\nlpDataProcessing.js
FN:19,loadGlobalVocabulary
FN:30,updateVocabularyIndexMap
FN:33,(anonymous_2)
FN:42,vectorizeText
FN:46,(anonymous_4)
FN:59,(anonymous_5)
FN:77,computeSimilarityScores
FN:78,(anonymous_7)
FNF:8
FNH:8
FNDA:3,loadGlobalVocabulary
FNDA:3,updateVocabularyIndexMap
FNDA:9,(anonymous_2)
FNDA:8,vectorizeText
FNDA:7,(anonymous_4)
FNDA:4,(anonymous_5)
FNDA:2,computeSimilarityScores
FNDA:3,(anonymous_7)
DA:2,1
DA:3,1
DA:4,1
DA:10,1
DA:12,1
DA:14,1
DA:20,3
DA:21,3
DA:22,3
DA:23,3
DA:25,0
DA:31,3
DA:32,3
DA:33,3
DA:34,9
DA:44,8
DA:45,8
DA:46,8
DA:47,7
DA:48,7
DA:49,5
DA:50,5
DA:51,4
DA:53,1
DA:58,8
DA:59,8
DA:60,4
DA:62,8
DA:78,2
DA:80,3
DA:81,1
DA:83,2
DA:84,2
DA:85,2
DA:86,2
DA:94,1
LF:36
LH:35
BRDA:45,0,0,8
BRDA:45,0,1,5
BRDA:48,1,0,5
BRDA:48,1,1,2
BRDA:50,2,0,4
BRDA:50,2,1,1
BRDA:80,3,0,1
BRDA:80,3,1,2
BRF:8
BRH:8
end_of_record
TN:
SF:engine\nlpMiddlewares.js
FN:5,validateApiKey
FN:20,(anonymous_1)
FN:28,validateStudentRecord
FN:43,(anonymous_3)
FN:54,(anonymous_4)
FNF:5
FNH:4
FNDA:2,validateApiKey
FNDA:0,(anonymous_1)
FNDA:5,validateStudentRecord
FNDA:3,(anonymous_3)
FNDA:2,(anonymous_4)
DA:1,1
DA:2,1
DA:6,2
DA:9,2
DA:10,1
DA:12,1
DA:17,1
DA:21,0
DA:30,5
DA:33,5
DA:34,1
DA:38,4
DA:39,1
DA:43,3
DA:44,3
DA:50,1
DA:54,2
DA:55,1
DA:58,1
DA:64,1
LF:20
LH:19
BRDA:9,0,0,1
BRDA:9,0,1,1
BRDA:33,1,0,1
BRDA:33,1,1,4
BRDA:33,2,0,5
BRDA:33,2,1,5
BRDA:38,3,0,1
BRDA:38,3,1,3
BRDA:43,4,0,1
BRDA:43,4,1,2
BRDA:43,5,0,3
BRDA:43,5,1,3
BRDA:43,5,2,3
BRDA:44,6,0,3
BRDA:44,6,1,2
BRDA:44,6,2,2
BRDA:44,6,3,2
BRDA:44,6,4,2
BRDA:44,6,5,2
BRDA:54,7,0,1
BRDA:54,7,1,1
BRDA:54,8,0,2
BRDA:54,8,1,1
BRF:23
BRH:23
end_of_record
TN:
SF:engine\nlpRecommendationLogic.js
FN:11,createWeightedStudentDescription
FN:31,(anonymous_1)
FN:37,(anonymous_2)
FN:45,adjustForCareerGoal
FN:46,(anonymous_4)
FN:51,(anonymous_5)
FN:60,isCourseSimilar
FN:61,(anonymous_7)
FN:65,recommendCourses
FN:87,(anonymous_9)
FN:90,(anonymous_10)
FN:92,(anonymous_11)
FN:99,filterRecommendationsByAllowedSubject
FN:108,(anonymous_13)
FNF:14
FNH:14
FNDA:7,createWeightedStudentDescription
FNDA:6,(anonymous_1)
FNDA:116,(anonymous_2)
FNDA:5,adjustForCareerGoal
FNDA:9,(anonymous_4)
FNDA:9,(anonymous_5)
FNDA:8,isCourseSimilar
FNDA:8,(anonymous_7)
FNDA:3,recommendCourses
FNDA:6,(anonymous_9)
FNDA:6,(anonymous_10)
FNDA:3,(anonymous_11)
FNDA:2,filterRecommendationsByAllowedSubject
FNDA:2,(anonymous_13)
DA:2,1
DA:3,1
DA:4,1
DA:12,7
DA:14,7
DA:16,6
DA:29,6
DA:31,6
DA:32,6
DA:33,6
DA:34,6
DA:35,6
DA:37,116
DA:41,7
DA:46,9
DA:49,5
DA:50,5
DA:51,9
DA:54,5
DA:58,1
DA:61,8
DA:67,3
DA:68,3
DA:69,3
DA:71,3
DA:73,3
DA:74,1
DA:75,1
DA:78,2
DA:81,3
DA:87,6
DA:91,6
DA:92,3
DA:95,3
DA:105,2
DA:106,1
DA:108,1
DA:109,2
DA:114,1
LF:39
LH:39
BRDA:14,0,0,6
BRDA:14,0,1,1
BRDA:14,1,0,7
BRDA:14,1,1,7
BRDA:16,2,0,5
BRDA:16,2,1,1
BRDA:33,3,0,6
BRDA:33,3,1,1
BRDA:35,4,0,6
BRDA:35,4,1,0
BRDA:50,5,0,4
BRDA:50,5,1,1
BRDA:73,6,0,1
BRDA:73,6,1,2
BRDA:73,7,0,3
BRDA:73,7,1,1
BRDA:91,8,0,6
BRDA:91,8,1,6
BRDA:105,9,0,1
BRDA:105,9,1,1
BRDA:105,10,0,2
BRDA:105,10,1,2
BRF:22
BRH:21
end_of_record
TN:
SF:engine\nlpServerStartup.js
FN:14,startup
FN:22,(anonymous_1)
FN:38,(anonymous_2)
FN:63,(anonymous_3)
FN:69,(anonymous_4)
FNF:5
FNH:5
FNDA:5,startup
FNDA:1,(anonymous_1)
FNDA:3,(anonymous_2)
FNDA:3,(anonymous_3)
FNDA:1,(anonymous_4)
DA:1,1
DA:2,1
DA:3,1
DA:4,1
DA:5,1
DA:6,1
DA:7,1
DA:8,1
DA:15,5
DA:17,5
DA:19,5
DA:22,5
DA:23,1
DA:24,1
DA:25,1
DA:38,5
DA:40,3
DA:44,3
DA:47,3
DA:48,2
DA:49,2
DA:51,2
DA:53,1
DA:55,1
DA:57,1
DA:63,3
DA:65,3
DA:69,5
DA:70,1
DA:71,1
DA:77,1
LF:31
LH:31
BRDA:47,0,0,2
BRDA:47,0,1,1
BRF:2
BRH:2
end_of_record
